  Test.c
     Creating library C:\Dev\fx_ptr\bin\Release-x64\fx_ptr\fx_ptr.lib and object C:\Dev\fx_ptr\bin\Release-x64\fx_ptr\fx_ptr.exp
  Generating code
  Previous IPDB not found, fall back to full compilation.
  All 4 functions were compiled because no usable IPDB/IOBJ from previous compilation was found.
  Finished generating code
  fx_ptr.vcxproj -> C:\Dev\fx_ptr\bin\Release-x64\fx_ptr\fx_ptr.dll

Project Performance Summary:
     5750 ms  C:\Dev\fx_ptr\fx_ptr\fx_ptr.vcxproj        1 calls
               5750 ms  Build                                      1 calls

Target Performance Summary:
        0 ms  BuildCompile                               1 calls
        0 ms  _Link                                      1 calls
        0 ms  AfterLink                                  1 calls
        0 ms  PreLinkEvent                               1 calls
        0 ms  PrepareResourceNames                       1 calls
        0 ms  CreateCustomManifestResourceNames          1 calls
        0 ms  ComputeManifestInputsTargets               1 calls
        0 ms  ComputeCLGeneratedLinkInputs               1 calls
        0 ms  ComputeManifestGeneratedLinkerInputs       1 calls
        0 ms  ComputeRCGeneratedLinkInputs               1 calls
        0 ms  ComputeRCOutputs                           1 calls
        0 ms  BeforeLink                                 1 calls
        0 ms  ComputeLegacyManifestEmbedding             1 calls
        0 ms  _BuildCompileAction                        1 calls
        0 ms  AfterBuildCompileEvent                     1 calls
        0 ms  _ResourceCompile                           1 calls
        0 ms  AfterResourceCompile                       1 calls
        0 ms  MakeDirsForResourceCompile                 1 calls
        0 ms  BeforeResourceCompile                      1 calls
        0 ms  _ClCompile                                 1 calls
        0 ms  _ALink                                     1 calls
        0 ms  _Manifest                                  1 calls
        0 ms  ResolvedXDCMake                            1 calls
        0 ms  MakeDirsForXdcMake                         1 calls
        0 ms  AfterBuild                                 1 calls
        0 ms  BuildLink                                  1 calls
        0 ms  _BuildLinkAction                           1 calls
        0 ms  PostBuildEvent                             1 calls
        0 ms  PrepareForRun                              1 calls
        0 ms  _CheckForCompileOutputs                    1 calls
        0 ms  _CopySourceItemsToOutputDirectory          1 calls
        0 ms  _GetCopyToOutputDirectoryItemsFromThisProject   1 calls
        0 ms  GetCopyToOutputDirectoryXamlAppDefs        1 calls
        0 ms  AfterClCompile                             1 calls
        0 ms  _PopulateCommonStateForGetCopyToOutputDirectoryItems   1 calls
        0 ms  _Appverifier                               1 calls
        0 ms  CreateSatelliteAssemblies                  1 calls
        0 ms  _GenerateSatelliteAssemblyInputs           1 calls
        0 ms  ResolvedLinkLib                            1 calls
        0 ms  MakeDirsForFxc                             1 calls
        0 ms  _BscMake                                   1 calls
        0 ms  MakeDirsForBscMake                         1 calls
        0 ms  ComputeCLCompileGeneratedSbrFiles          1 calls
        0 ms  _XdcMake                                   1 calls
        0 ms  _Deploy                                    1 calls
        0 ms  SelectClCompile                            1 calls
        0 ms  Build                                      1 calls
        0 ms  BeforeBuildGenerateSources                 1 calls
        0 ms  GetResolvedWinMD                           1 calls
        0 ms  SetCABuildNativeEnvironmentVariables       1 calls
        0 ms  BeforeResolveReferences                    1 calls
        0 ms  ResolveSDKReferences                       1 calls
        0 ms  ExpandSDKReferences                        1 calls
        0 ms  ResolveAssemblyReferences                  1 calls
        0 ms  AfterResolveReferences                     1 calls
        0 ms  ResolveReferences                          1 calls
        0 ms  BuildGenerateSourcesTraverse               1 calls
        0 ms  _SelectedFiles                             1 calls
        0 ms  ComputeCustomBuildOutput                   1 calls
        0 ms  CopyFileToFolders                          1 calls
        0 ms  _Xsd                                       1 calls
        0 ms  ComputeMIDLGeneratedCompileInputs          1 calls
        0 ms  AfterMidl                                  1 calls
        0 ms  SelectCustomBuild                          1 calls
        0 ms  AfterBuildGenerateSources                  1 calls
        0 ms  FindReferenceAssembliesForReferences       1 calls
        0 ms  ComputeCLInputPDBName                      1 calls
        0 ms  BeforeClCompile                            1 calls
        0 ms  BuildCompileTraverse                       1 calls
        0 ms  _Midl                                      1 calls
        0 ms  BuildGenerateSources                       1 calls
        0 ms  _BuildGenerateSourcesAction                1 calls
        0 ms  PrepareProjectReferences                   1 calls
        1 ms  PreBuildEvent                              1 calls
        1 ms  SetBuildDefaultEnvironmentVariables        1 calls
        1 ms  _SplitProjectReferencesByFileExistence     1 calls
        1 ms  ComputeCLCompileGeneratedXDCFiles          1 calls
        1 ms  CopyFilesToOutputDirectory                 1 calls
        1 ms  BuildLinkTraverse                          1 calls
        1 ms  ComputeCLOutputs                           1 calls
        1 ms  _PrepareForReferenceResolution             1 calls
        1 ms  ComputeReferenceCLInput                    1 calls
        1 ms  GetFrameworkPaths                          1 calls
        1 ms  ContentFilesProjectOutputGroup             1 calls
        1 ms  IncrementalClean                           1 calls
        1 ms  FixupCLCompileOptions                      1 calls
        1 ms  AfterBuildGenerateSourcesEvent             1 calls
        1 ms  DoLinkOutputFilesMatch                     1 calls
        1 ms  SplitResourcesByCulture                    1 calls
        1 ms  MakeDirsForMidl                            1 calls
        1 ms  ComputeLinkInputsFromProject               1 calls
        1 ms  _GetCopyToOutputDirectoryItemsFromTransitiveProjectReferences   1 calls
        1 ms  RegisterOutput                             1 calls
        1 ms  BuiltProjectOutputGroup                    1 calls
        1 ms  CheckInstalledVCLibsIPP                    1 calls
        2 ms  _PrepareForBuild                           1 calls
        2 ms  _GetProjectReferenceTargetFrameworkProperties   1 calls
        2 ms  AssignTargetPaths                          1 calls
        2 ms  ComputeLinkImportLibraryOutputsForClean    1 calls
        2 ms  MakeDirsForLink                            1 calls
        2 ms  FinalizeBuildStatus                        1 calls
        3 ms  GetCopyToOutputDirectoryItems              1 calls
        4 ms  ComputeLinkSwitches                        1 calls
        6 ms  AssignProjectConfiguration                 1 calls
        6 ms  InitializeBuildStatus                      1 calls
        9 ms  WarnCompileDuplicatedFilename              1 calls
       18 ms  _CleanGetCurrentAndPriorFileWrites         1 calls
       21 ms  MakeDirsForCl                              1 calls
       27 ms  ResolveProjectReferences                   1 calls
       29 ms  SetTelemetryEnvironmentVariables           1 calls
       33 ms  SatelliteDllsProjectOutputGroup            1 calls
       35 ms  _CheckWindowsSDKInstalled                  1 calls
       43 ms  CreateRecipeFile                           1 calls
       47 ms  GetReferenceAssemblyPaths                  1 calls
       55 ms  CustomBuild                                1 calls
       83 ms  PrepareForBuild                            1 calls
      261 ms  _CheckForInvalidConfigurationAndPlatform   1 calls
     1627 ms  ClCompile                                  1 calls
     3402 ms  Link                                       1 calls

Task Performance Summary:
        0 ms  RemoveDuplicates                           2 calls
        0 ms  AssignTargetPath                           7 calls
        1 ms  MSBuild                                    1 calls
        1 ms  ConvertToAbsolutePath                      1 calls
        1 ms  AssignCulture                              1 calls
        1 ms  ReadLinesFromFile                          2 calls
        2 ms  CheckVCToolsetVersion                      1 calls
        2 ms  Delete                                     3 calls
        3 ms  CallTarget                                 2 calls
        3 ms  WriteLinesToFile                           2 calls
        4 ms  Touch                                      2 calls
        6 ms  AssignProjectConfiguration                 1 calls
        9 ms  MakeDir                                   10 calls
       17 ms  FindUnderPath                              5 calls
       22 ms  SetEnv                                     8 calls
       33 ms  CreateItem                                 2 calls
       33 ms  GetOutOfDateItems                          3 calls
       36 ms  Message                                    3 calls
       43 ms  GenerateDesktopDeployRecipe                1 calls
     1625 ms  CL                                         1 calls
     3399 ms  Link                                       1 calls
